<?xml version="1.0" encoding="UTF-8"?>
<!-- Generated by org.testng.reporters.JUnitReportReporter -->
<testsuite hostname="SamruddhiMisal" failures="1" tests="3" name="CucumberOptions.TestNGTestRunner" time="81.615" errors="0" timestamp="2024-01-06T19:28:15 EST" skipped="0">
  <testcase classname="CucumberOptions.TestNGTestRunner" name="runScenario" time="29.832"/>
  <testcase classname="CucumberOptions.TestNGTestRunner" name="runScenario" time="31.087">
    <failure message="expected [No data] but found [Beetroot]" type="java.lang.AssertionError">
      <![CDATA[java.lang.AssertionError: expected [No data] but found [Beetroot]
at org.testng.Assert.fail(Assert.java:111)
at org.testng.Assert.failNotEquals(Assert.java:1578)
at org.testng.Assert.assertEqualsImpl(Assert.java:150)
at org.testng.Assert.assertEquals(Assert.java:132)
at org.testng.Assert.assertEquals(Assert.java:656)
at org.testng.Assert.assertEquals(Assert.java:666)
at StepDefinitions.OffersPageStepDef.validateProductName(OffersPageStepDef.java:55)
at ✽.Validate that the product name in Offers page matches with Home page(file:///C:/SamruddhiMisal/Projects/BDDcucumber/CucumberAutomationFramework/src/test/java/Features/searchProduct.feature:8)
]]>
    </failure>
  </testcase> <!-- runScenario -->
  <testcase classname="CucumberOptions.TestNGTestRunner" name="runScenario" time="20.696"/>
</testsuite> <!-- CucumberOptions.TestNGTestRunner -->
